$$861359036700894,180721773,1,13.067175,80.197784,210304123930,A,27,9,143001312,89,5,5.330000,0,0,20,0,0,0,0,0,0,0,0,0,0,0,0,1,0,0,0,0,0,0,0,0,0,0,0,0,0,0,0,0,0,0,0,11710,3922,*60

{
  "device_imei": "861359036700894", 
  "device_name": "iTriangle", 
  "device_serial": "180721773", 
  "direction": "89", 
  "event_code": "1", 
  "fuel": "20", 
  "ign": "0", 
  "latitude": "13.067175", 
  "longitude": "80.197784", 
  "odo": "143001312", 
  "panic": "0", 
  "speed": "9", 
  "timestamp": "20210304123930"
}
$$861693039009758,170508005,1,13.054138,77.590897,210304123941,A,22,0,4165671,288,6,1,0,0,0,0,0,0,0,0,0,0,0,1,0,0,0,0,0,0,0,0,0,0,0,0,0,0,0,1,1,1,0,*7C

{
  "device_imei": "861693039009758", 
  "device_name": "iTriangle", 
  "device_serial": "170508005", 
  "direction": "288", 
  "event_code": "1", 
  "fuel": "0", 
  "ign": "0", 
  "latitude": "13.054138", 
  "longitude": "77.590897", 
  "odo": "4165671", 
  "panic": "0", 
  "speed": "0", 
  "timestamp": "20210304123941"
}
